[debug] [2023-08-23T10:40:12.206Z] ----------------------------------------------------------------------
[debug] [2023-08-23T10:40:12.212Z] Command:       C:\Program Files\nodejs\node.exe C:\Users\ADMIN\AppData\Roaming\npm\node_modules\firebase-tools\lib\bin\firebase.js init hosting
[debug] [2023-08-23T10:40:12.213Z] CLI Version:   12.5.0
[debug] [2023-08-23T10:40:12.214Z] Platform:      win32
[debug] [2023-08-23T10:40:12.215Z] Node Version:  v18.16.0
[debug] [2023-08-23T10:40:12.226Z] Time:          Wed Aug 23 2023 17:40:12 GMT+0700 (Indochina Time)
[debug] [2023-08-23T10:40:12.226Z] ----------------------------------------------------------------------
[debug] 
[debug] [2023-08-23T10:40:12.246Z] > command requires scopes: ["email","openid","https://www.googleapis.com/auth/cloudplatformprojects.readonly","https://www.googleapis.com/auth/firebase","https://www.googleapis.com/auth/cloud-platform"]
[debug] [2023-08-23T10:40:12.247Z] > authorizing via signed-in user (huynhngocduong2001@gmail.com)
[info] 
     ######## #### ########  ######## ########     ###     ######  ########
     ##        ##  ##     ## ##       ##     ##  ##   ##  ##       ##
     ######    ##  ########  ######   ########  #########  ######  ######
     ##        ##  ##    ##  ##       ##     ## ##     ##       ## ##
     ##       #### ##     ## ######## ########  ##     ##  ######  ########

You're about to initialize a Firebase project in this directory:

  C:\Dương\Web\reactjs\youtube-disney-clone

Before we get started, keep in mind:

  * You are currently outside your home directory

